[35m[1mScanning dependencies of target adis16465[0m
[ 33%] [32mBuilding CXX object CMakeFiles/adis16465.dir/src/adis16465_node.cpp.o[0m
[01m[K/home/y-takahashi/ros2_ws/src/adi_driver2/src/adis16465_node.cpp:[m[K In member function ‘[01m[Kbool adi_driver2::ImuNode::open()[m[K’:
[01m[K/home/y-takahashi/ros2_ws/src/adi_driver2/src/adis16465_node.cpp:104:1:[m[K [01;35m[Kwarning: [m[Kno return statement in function returning non-void [[01;35m[K-Wreturn-type[m[K]
  104 | [01;35m[K}[m[K
      | [01;35m[K^[m[K
[01m[K/home/y-takahashi/ros2_ws/src/adi_driver2/src/adis16465_node.cpp:[m[K In member function ‘[01m[Kint adi_driver2::ImuNode::publish_imu_data()[m[K’:
[01m[K/home/y-takahashi/ros2_ws/src/adi_driver2/src/adis16465_node.cpp:128:1:[m[K [01;35m[Kwarning: [m[Kno return statement in function returning non-void [[01;35m[K-Wreturn-type[m[K]
  128 | [01;35m[K}[m[K
      | [01;35m[K^[m[K
[01m[K/home/y-takahashi/ros2_ws/src/adi_driver2/src/adis16465_node.cpp:[m[K In member function ‘[01m[Kint adi_driver2::ImuNode::publish_temp_data()[m[K’:
[01m[K/home/y-takahashi/ros2_ws/src/adi_driver2/src/adis16465_node.cpp:139:1:[m[K [01;35m[Kwarning: [m[Kno return statement in function returning non-void [[01;35m[K-Wreturn-type[m[K]
  139 | [01;35m[K}[m[K
      | [01;35m[K^[m[K
[ 66%] [32m[1mLinking CXX executable adis16465[0m
[100%] Built target adis16465
-- Install configuration: ""
-- Up-to-date: /home/y-takahashi/ros2_ws/src/adi_driver2/install/adi_driver2/include
-- Up-to-date: /home/y-takahashi/ros2_ws/src/adi_driver2/install/adi_driver2/include/adi_driver2
-- Up-to-date: /home/y-takahashi/ros2_ws/src/adi_driver2/install/adi_driver2/include/adi_driver2/adis16465.h
-- Up-to-date: /home/y-takahashi/ros2_ws/src/adi_driver2/install/adi_driver2/include/adi_driver2/adis16470_node.hpp
-- Up-to-date: /home/y-takahashi/ros2_ws/src/adi_driver2/install/adi_driver2/include/adi_driver2/adis16465_node.hpp
-- Up-to-date: /home/y-takahashi/ros2_ws/src/adi_driver2/install/adi_driver2/include/adi_driver2/adis16470.h
-- Installing: /home/y-takahashi/ros2_ws/src/adi_driver2/install/adi_driver2/lib/adi_driver2/adis16465
-- Set runtime path of "/home/y-takahashi/ros2_ws/src/adi_driver2/install/adi_driver2/lib/adi_driver2/adis16465" to ""
-- Up-to-date: /home/y-takahashi/ros2_ws/src/adi_driver2/install/adi_driver2/share/adi_driver2/launch
-- Up-to-date: /home/y-takahashi/ros2_ws/src/adi_driver2/install/adi_driver2/share/adi_driver2/launch/imu.rviz
-- Up-to-date: /home/y-takahashi/ros2_ws/src/adi_driver2/install/adi_driver2/share/adi_driver2/launch/adis16470.launch
-- Up-to-date: /home/y-takahashi/ros2_ws/src/adi_driver2/install/adi_driver2/share/adi_driver2/launch/adis16465.launch.py
-- Up-to-date: /home/y-takahashi/ros2_ws/src/adi_driver2/install/adi_driver2/share/adi_driver2/urdf
-- Up-to-date: /home/y-takahashi/ros2_ws/src/adi_driver2/install/adi_driver2/share/adi_driver2/urdf/adis16470_breakout.urdf
-- Up-to-date: /home/y-takahashi/ros2_ws/src/adi_driver2/install/adi_driver2/share/adi_driver2/urdf/adis16465_breakout.urdf
-- Up-to-date: /home/y-takahashi/ros2_ws/src/adi_driver2/install/adi_driver2/share/ament_index/resource_index/package_run_dependencies/adi_driver2
-- Up-to-date: /home/y-takahashi/ros2_ws/src/adi_driver2/install/adi_driver2/share/ament_index/resource_index/parent_prefix_path/adi_driver2
-- Up-to-date: /home/y-takahashi/ros2_ws/src/adi_driver2/install/adi_driver2/share/adi_driver2/environment/ament_prefix_path.sh
-- Up-to-date: /home/y-takahashi/ros2_ws/src/adi_driver2/install/adi_driver2/share/adi_driver2/environment/ament_prefix_path.dsv
-- Up-to-date: /home/y-takahashi/ros2_ws/src/adi_driver2/install/adi_driver2/share/adi_driver2/environment/path.sh
-- Up-to-date: /home/y-takahashi/ros2_ws/src/adi_driver2/install/adi_driver2/share/adi_driver2/environment/path.dsv
-- Up-to-date: /home/y-takahashi/ros2_ws/src/adi_driver2/install/adi_driver2/share/adi_driver2/local_setup.bash
-- Up-to-date: /home/y-takahashi/ros2_ws/src/adi_driver2/install/adi_driver2/share/adi_driver2/local_setup.sh
-- Up-to-date: /home/y-takahashi/ros2_ws/src/adi_driver2/install/adi_driver2/share/adi_driver2/local_setup.zsh
-- Up-to-date: /home/y-takahashi/ros2_ws/src/adi_driver2/install/adi_driver2/share/adi_driver2/local_setup.dsv
-- Installing: /home/y-takahashi/ros2_ws/src/adi_driver2/install/adi_driver2/share/adi_driver2/package.dsv
-- Up-to-date: /home/y-takahashi/ros2_ws/src/adi_driver2/install/adi_driver2/share/ament_index/resource_index/packages/adi_driver2
-- Up-to-date: /home/y-takahashi/ros2_ws/src/adi_driver2/install/adi_driver2/share/adi_driver2/cmake/ament_cmake_export_dependencies-extras.cmake
-- Up-to-date: /home/y-takahashi/ros2_ws/src/adi_driver2/install/adi_driver2/share/adi_driver2/cmake/ament_cmake_export_include_directories-extras.cmake
-- Up-to-date: /home/y-takahashi/ros2_ws/src/adi_driver2/install/adi_driver2/share/adi_driver2/cmake/adi_driver2Config.cmake
-- Up-to-date: /home/y-takahashi/ros2_ws/src/adi_driver2/install/adi_driver2/share/adi_driver2/cmake/adi_driver2Config-version.cmake
-- Up-to-date: /home/y-takahashi/ros2_ws/src/adi_driver2/install/adi_driver2/share/adi_driver2/package.xml
