[0.009s] Invoking command in '/home/y-takahashi/ros2_ws/src/adi_driver2/build/adi_driver2': CMAKE_PREFIX_PATH=/opt/ros/foxy /usr/bin/cmake --build /home/y-takahashi/ros2_ws/src/adi_driver2/build/adi_driver2 -- -j12 -l12
[0.037s] [35m[1mScanning dependencies of target adis16465[0m
[0.051s] [ 33%] [32mBuilding CXX object CMakeFiles/adis16465.dir/src/adis16465_node.cpp.o[0m
[0.835s] [01m[K/home/y-takahashi/ros2_ws/src/adi_driver2/src/adis16465_node.cpp:[m[K In member function ‘[01m[Kbool adi_driver2::ImuNode::open()[m[K’:
[0.835s] [01m[K/home/y-takahashi/ros2_ws/src/adi_driver2/src/adis16465_node.cpp:104:1:[m[K [01;35m[Kwarning: [m[Kno return statement in function returning non-void [[01;35m[K-Wreturn-type[m[K]
[0.835s]   104 | [01;35m[K}[m[K
[0.835s]       | [01;35m[K^[m[K
[0.839s] [01m[K/home/y-takahashi/ros2_ws/src/adi_driver2/src/adis16465_node.cpp:[m[K In member function ‘[01m[Kint adi_driver2::ImuNode::publish_imu_data()[m[K’:
[0.839s] [01m[K/home/y-takahashi/ros2_ws/src/adi_driver2/src/adis16465_node.cpp:128:1:[m[K [01;35m[Kwarning: [m[Kno return statement in function returning non-void [[01;35m[K-Wreturn-type[m[K]
[0.839s]   128 | [01;35m[K}[m[K
[0.839s]       | [01;35m[K^[m[K
[0.843s] [01m[K/home/y-takahashi/ros2_ws/src/adi_driver2/src/adis16465_node.cpp:[m[K In member function ‘[01m[Kint adi_driver2::ImuNode::publish_temp_data()[m[K’:
[0.843s] [01m[K/home/y-takahashi/ros2_ws/src/adi_driver2/src/adis16465_node.cpp:139:1:[m[K [01;35m[Kwarning: [m[Kno return statement in function returning non-void [[01;35m[K-Wreturn-type[m[K]
[0.843s]   139 | [01;35m[K}[m[K
[0.843s]       | [01;35m[K^[m[K
[2.809s] [ 66%] [32m[1mLinking CXX executable adis16465[0m
[2.880s] [100%] Built target adis16465
[2.886s] Invoked command in '/home/y-takahashi/ros2_ws/src/adi_driver2/build/adi_driver2' returned '0': CMAKE_PREFIX_PATH=/opt/ros/foxy /usr/bin/cmake --build /home/y-takahashi/ros2_ws/src/adi_driver2/build/adi_driver2 -- -j12 -l12
[2.908s] Invoking command in '/home/y-takahashi/ros2_ws/src/adi_driver2/build/adi_driver2': CMAKE_PREFIX_PATH=/opt/ros/foxy /usr/bin/cmake --install /home/y-takahashi/ros2_ws/src/adi_driver2/build/adi_driver2
[2.913s] -- Install configuration: ""
[2.913s] -- Up-to-date: /home/y-takahashi/ros2_ws/src/adi_driver2/install/adi_driver2/include
[2.913s] -- Up-to-date: /home/y-takahashi/ros2_ws/src/adi_driver2/install/adi_driver2/include/adi_driver2
[2.913s] -- Up-to-date: /home/y-takahashi/ros2_ws/src/adi_driver2/install/adi_driver2/include/adi_driver2/adis16465.h
[2.913s] -- Up-to-date: /home/y-takahashi/ros2_ws/src/adi_driver2/install/adi_driver2/include/adi_driver2/adis16470_node.hpp
[2.913s] -- Up-to-date: /home/y-takahashi/ros2_ws/src/adi_driver2/install/adi_driver2/include/adi_driver2/adis16465_node.hpp
[2.913s] -- Up-to-date: /home/y-takahashi/ros2_ws/src/adi_driver2/install/adi_driver2/include/adi_driver2/adis16470.h
[2.913s] -- Installing: /home/y-takahashi/ros2_ws/src/adi_driver2/install/adi_driver2/lib/adi_driver2/adis16465
[2.913s] -- Set runtime path of "/home/y-takahashi/ros2_ws/src/adi_driver2/install/adi_driver2/lib/adi_driver2/adis16465" to ""
[2.913s] -- Up-to-date: /home/y-takahashi/ros2_ws/src/adi_driver2/install/adi_driver2/share/adi_driver2/launch
[2.913s] -- Up-to-date: /home/y-takahashi/ros2_ws/src/adi_driver2/install/adi_driver2/share/adi_driver2/launch/imu.rviz
[2.913s] -- Up-to-date: /home/y-takahashi/ros2_ws/src/adi_driver2/install/adi_driver2/share/adi_driver2/launch/adis16470.launch
[2.913s] -- Up-to-date: /home/y-takahashi/ros2_ws/src/adi_driver2/install/adi_driver2/share/adi_driver2/launch/adis16465.launch.py
[2.913s] -- Up-to-date: /home/y-takahashi/ros2_ws/src/adi_driver2/install/adi_driver2/share/adi_driver2/urdf
[2.914s] -- Up-to-date: /home/y-takahashi/ros2_ws/src/adi_driver2/install/adi_driver2/share/adi_driver2/urdf/adis16470_breakout.urdf
[2.914s] -- Up-to-date: /home/y-takahashi/ros2_ws/src/adi_driver2/install/adi_driver2/share/adi_driver2/urdf/adis16465_breakout.urdf
[2.914s] -- Up-to-date: /home/y-takahashi/ros2_ws/src/adi_driver2/install/adi_driver2/share/ament_index/resource_index/package_run_dependencies/adi_driver2
[2.914s] -- Up-to-date: /home/y-takahashi/ros2_ws/src/adi_driver2/install/adi_driver2/share/ament_index/resource_index/parent_prefix_path/adi_driver2
[2.914s] -- Up-to-date: /home/y-takahashi/ros2_ws/src/adi_driver2/install/adi_driver2/share/adi_driver2/environment/ament_prefix_path.sh
[2.914s] -- Up-to-date: /home/y-takahashi/ros2_ws/src/adi_driver2/install/adi_driver2/share/adi_driver2/environment/ament_prefix_path.dsv
[2.914s] -- Up-to-date: /home/y-takahashi/ros2_ws/src/adi_driver2/install/adi_driver2/share/adi_driver2/environment/path.sh
[2.914s] -- Up-to-date: /home/y-takahashi/ros2_ws/src/adi_driver2/install/adi_driver2/share/adi_driver2/environment/path.dsv
[2.914s] -- Up-to-date: /home/y-takahashi/ros2_ws/src/adi_driver2/install/adi_driver2/share/adi_driver2/local_setup.bash
[2.914s] -- Up-to-date: /home/y-takahashi/ros2_ws/src/adi_driver2/install/adi_driver2/share/adi_driver2/local_setup.sh
[2.914s] -- Up-to-date: /home/y-takahashi/ros2_ws/src/adi_driver2/install/adi_driver2/share/adi_driver2/local_setup.zsh
[2.914s] -- Up-to-date: /home/y-takahashi/ros2_ws/src/adi_driver2/install/adi_driver2/share/adi_driver2/local_setup.dsv
[2.914s] -- Installing: /home/y-takahashi/ros2_ws/src/adi_driver2/install/adi_driver2/share/adi_driver2/package.dsv
[2.914s] -- Up-to-date: /home/y-takahashi/ros2_ws/src/adi_driver2/install/adi_driver2/share/ament_index/resource_index/packages/adi_driver2
[2.914s] -- Up-to-date: /home/y-takahashi/ros2_ws/src/adi_driver2/install/adi_driver2/share/adi_driver2/cmake/ament_cmake_export_dependencies-extras.cmake
[2.914s] -- Up-to-date: /home/y-takahashi/ros2_ws/src/adi_driver2/install/adi_driver2/share/adi_driver2/cmake/ament_cmake_export_include_directories-extras.cmake
[2.914s] -- Up-to-date: /home/y-takahashi/ros2_ws/src/adi_driver2/install/adi_driver2/share/adi_driver2/cmake/adi_driver2Config.cmake
[2.914s] -- Up-to-date: /home/y-takahashi/ros2_ws/src/adi_driver2/install/adi_driver2/share/adi_driver2/cmake/adi_driver2Config-version.cmake
[2.914s] -- Up-to-date: /home/y-takahashi/ros2_ws/src/adi_driver2/install/adi_driver2/share/adi_driver2/package.xml
[2.915s] Invoked command in '/home/y-takahashi/ros2_ws/src/adi_driver2/build/adi_driver2' returned '0': CMAKE_PREFIX_PATH=/opt/ros/foxy /usr/bin/cmake --install /home/y-takahashi/ros2_ws/src/adi_driver2/build/adi_driver2
