-- Found ament_cmake_auto: 0.9.11 (/opt/ros/foxy/share/ament_cmake_auto/cmake)
-- Using PYTHON_EXECUTABLE: /usr/bin/python3
-- Using all available rosidl_typesupport_c: rosidl_typesupport_fastrtps_c;rosidl_typesupport_introspection_c
-- Found rosidl_adapter: 1.3.0 (/opt/ros/foxy/share/rosidl_adapter/cmake)
-- Using all available rosidl_typesupport_cpp: rosidl_typesupport_fastrtps_cpp;rosidl_typesupport_introspection_cpp
-- Found rmw_implementation_cmake: 1.0.3 (/opt/ros/foxy/share/rmw_implementation_cmake/cmake)
-- Using RMW implementation 'rmw_fastrtps_cpp' as default
-- Found ament_lint_auto: 0.9.7 (/opt/ros/foxy/share/ament_lint_auto/cmake)
-- Added test 'cppcheck' to perform static code analysis on C / C++ code
-- Configured cppcheck include dirs: /home/y-takahashi/ros2_ws/src/adi_driver2/include
-- Configured cppcheck exclude dirs and/or files: 
-- Added test 'flake8' to check Python code syntax and style conventions
-- Added test 'lint_cmake' to check CMake code style
-- Added test 'pep257' to check Python code against some of the style conventions in PEP 257
-- Added test 'uncrustify' to check C / C++ code style
-- Configured uncrustify additional arguments: 
-- Added test 'xmllint' to check XML markup files
-- Configuring done
-- Generating done
-- Build files have been written to: /home/y-takahashi/ros2_ws/src/adi_driver2/build/adi_driver2
[100%] Built target adis16465
-- Install configuration: ""
-- Up-to-date: /home/y-takahashi/ros2_ws/src/adi_driver2/install/adi_driver2/include
-- Up-to-date: /home/y-takahashi/ros2_ws/src/adi_driver2/install/adi_driver2/include/adi_driver2
-- Up-to-date: /home/y-takahashi/ros2_ws/src/adi_driver2/install/adi_driver2/include/adi_driver2/adis16465.h
-- Up-to-date: /home/y-takahashi/ros2_ws/src/adi_driver2/install/adi_driver2/include/adi_driver2/adis16470_node.hpp
-- Up-to-date: /home/y-takahashi/ros2_ws/src/adi_driver2/install/adi_driver2/include/adi_driver2/adis16465_node.hpp
-- Up-to-date: /home/y-takahashi/ros2_ws/src/adi_driver2/install/adi_driver2/include/adi_driver2/adis16470.h
-- Up-to-date: /home/y-takahashi/ros2_ws/src/adi_driver2/install/adi_driver2/lib/adi_driver2/adis16465
-- Up-to-date: /home/y-takahashi/ros2_ws/src/adi_driver2/install/adi_driver2/share/adi_driver2/launch
-- Up-to-date: /home/y-takahashi/ros2_ws/src/adi_driver2/install/adi_driver2/share/adi_driver2/launch/imu.rviz
-- Up-to-date: /home/y-takahashi/ros2_ws/src/adi_driver2/install/adi_driver2/share/adi_driver2/launch/adis16470.launch
-- Installing: /home/y-takahashi/ros2_ws/src/adi_driver2/install/adi_driver2/share/adi_driver2/launch/adis16465.launch.py
-- Installing: /home/y-takahashi/ros2_ws/src/adi_driver2/install/adi_driver2/share/adi_driver2/launch/adis16465.launch
-- Up-to-date: /home/y-takahashi/ros2_ws/src/adi_driver2/install/adi_driver2/share/adi_driver2/urdf
-- Up-to-date: /home/y-takahashi/ros2_ws/src/adi_driver2/install/adi_driver2/share/adi_driver2/urdf/adis16470_breakout.urdf
-- Up-to-date: /home/y-takahashi/ros2_ws/src/adi_driver2/install/adi_driver2/share/adi_driver2/urdf/adis16465_breakout.urdf
-- Installing: /home/y-takahashi/ros2_ws/src/adi_driver2/install/adi_driver2/share/ament_index/resource_index/package_run_dependencies/adi_driver2
-- Installing: /home/y-takahashi/ros2_ws/src/adi_driver2/install/adi_driver2/share/ament_index/resource_index/parent_prefix_path/adi_driver2
-- Up-to-date: /home/y-takahashi/ros2_ws/src/adi_driver2/install/adi_driver2/share/adi_driver2/environment/ament_prefix_path.sh
-- Installing: /home/y-takahashi/ros2_ws/src/adi_driver2/install/adi_driver2/share/adi_driver2/environment/ament_prefix_path.dsv
-- Up-to-date: /home/y-takahashi/ros2_ws/src/adi_driver2/install/adi_driver2/share/adi_driver2/environment/path.sh
-- Installing: /home/y-takahashi/ros2_ws/src/adi_driver2/install/adi_driver2/share/adi_driver2/environment/path.dsv
-- Up-to-date: /home/y-takahashi/ros2_ws/src/adi_driver2/install/adi_driver2/share/adi_driver2/local_setup.bash
-- Up-to-date: /home/y-takahashi/ros2_ws/src/adi_driver2/install/adi_driver2/share/adi_driver2/local_setup.sh
-- Up-to-date: /home/y-takahashi/ros2_ws/src/adi_driver2/install/adi_driver2/share/adi_driver2/local_setup.zsh
-- Installing: /home/y-takahashi/ros2_ws/src/adi_driver2/install/adi_driver2/share/adi_driver2/local_setup.dsv
-- Installing: /home/y-takahashi/ros2_ws/src/adi_driver2/install/adi_driver2/share/adi_driver2/package.dsv
-- Up-to-date: /home/y-takahashi/ros2_ws/src/adi_driver2/install/adi_driver2/share/ament_index/resource_index/packages/adi_driver2
-- Up-to-date: /home/y-takahashi/ros2_ws/src/adi_driver2/install/adi_driver2/share/adi_driver2/cmake/ament_cmake_export_dependencies-extras.cmake
-- Up-to-date: /home/y-takahashi/ros2_ws/src/adi_driver2/install/adi_driver2/share/adi_driver2/cmake/ament_cmake_export_include_directories-extras.cmake
-- Up-to-date: /home/y-takahashi/ros2_ws/src/adi_driver2/install/adi_driver2/share/adi_driver2/cmake/adi_driver2Config.cmake
-- Up-to-date: /home/y-takahashi/ros2_ws/src/adi_driver2/install/adi_driver2/share/adi_driver2/cmake/adi_driver2Config-version.cmake
-- Installing: /home/y-takahashi/ros2_ws/src/adi_driver2/install/adi_driver2/share/adi_driver2/package.xml
