[0.014s] Invoking command in '/home/y-takahashi/ros2_ws/src/adi_driver2/build/adi_driver2': CMAKE_PREFIX_PATH=${CMAKE_PREFIX_PATH}:/opt/ros/foxy /usr/bin/cmake --build /home/y-takahashi/ros2_ws/src/adi_driver2/build/adi_driver2 -- -j12 -l12
[0.112s] -- Found ament_cmake_auto: 0.9.11 (/opt/ros/foxy/share/ament_cmake_auto/cmake)
[0.133s] -- Using PYTHON_EXECUTABLE: /usr/bin/python3
[0.351s] -- Using all available rosidl_typesupport_c: rosidl_typesupport_fastrtps_c;rosidl_typesupport_introspection_c
[0.354s] -- Found rosidl_adapter: 1.3.0 (/opt/ros/foxy/share/rosidl_adapter/cmake)
[0.447s] -- Using all available rosidl_typesupport_cpp: rosidl_typesupport_fastrtps_cpp;rosidl_typesupport_introspection_cpp
[0.488s] -- Found rmw_implementation_cmake: 1.0.3 (/opt/ros/foxy/share/rmw_implementation_cmake/cmake)
[0.490s] -- Using RMW implementation 'rmw_fastrtps_cpp' as default
[0.711s] -- Found ament_lint_auto: 0.9.7 (/opt/ros/foxy/share/ament_lint_auto/cmake)
[0.735s] -- Added test 'cppcheck' to perform static code analysis on C / C++ code
[0.735s] -- Configured cppcheck include dirs: /home/y-takahashi/ros2_ws/src/adi_driver2/include
[0.735s] -- Configured cppcheck exclude dirs and/or files: 
[0.737s] -- Added test 'flake8' to check Python code syntax and style conventions
[0.739s] -- Added test 'lint_cmake' to check CMake code style
[0.741s] -- Added test 'pep257' to check Python code against some of the style conventions in PEP 257
[0.750s] -- Added test 'uncrustify' to check C / C++ code style
[0.750s] -- Configured uncrustify additional arguments: 
[0.751s] -- Added test 'xmllint' to check XML markup files
[0.756s] -- Configuring done
[0.767s] -- Generating done
[0.768s] -- Build files have been written to: /home/y-takahashi/ros2_ws/src/adi_driver2/build/adi_driver2
[0.811s] [100%] Built target adis16465
[0.822s] Invoked command in '/home/y-takahashi/ros2_ws/src/adi_driver2/build/adi_driver2' returned '0': CMAKE_PREFIX_PATH=${CMAKE_PREFIX_PATH}:/opt/ros/foxy /usr/bin/cmake --build /home/y-takahashi/ros2_ws/src/adi_driver2/build/adi_driver2 -- -j12 -l12
[0.878s] Invoking command in '/home/y-takahashi/ros2_ws/src/adi_driver2/build/adi_driver2': CMAKE_PREFIX_PATH=${CMAKE_PREFIX_PATH}:/opt/ros/foxy /usr/bin/cmake --install /home/y-takahashi/ros2_ws/src/adi_driver2/build/adi_driver2
[0.886s] -- Install configuration: ""
[0.886s] -- Up-to-date: /home/y-takahashi/ros2_ws/src/adi_driver2/install/adi_driver2/include
[0.886s] -- Up-to-date: /home/y-takahashi/ros2_ws/src/adi_driver2/install/adi_driver2/include/adi_driver2
[0.886s] -- Up-to-date: /home/y-takahashi/ros2_ws/src/adi_driver2/install/adi_driver2/include/adi_driver2/adis16465.h
[0.886s] -- Up-to-date: /home/y-takahashi/ros2_ws/src/adi_driver2/install/adi_driver2/include/adi_driver2/adis16470_node.hpp
[0.886s] -- Up-to-date: /home/y-takahashi/ros2_ws/src/adi_driver2/install/adi_driver2/include/adi_driver2/adis16465_node.hpp
[0.886s] -- Up-to-date: /home/y-takahashi/ros2_ws/src/adi_driver2/install/adi_driver2/include/adi_driver2/adis16470.h
[0.887s] -- Up-to-date: /home/y-takahashi/ros2_ws/src/adi_driver2/install/adi_driver2/lib/adi_driver2/adis16465
[0.887s] -- Up-to-date: /home/y-takahashi/ros2_ws/src/adi_driver2/install/adi_driver2/share/adi_driver2/launch
[0.887s] -- Up-to-date: /home/y-takahashi/ros2_ws/src/adi_driver2/install/adi_driver2/share/adi_driver2/launch/imu.rviz
[0.887s] -- Up-to-date: /home/y-takahashi/ros2_ws/src/adi_driver2/install/adi_driver2/share/adi_driver2/launch/adis16470.launch
[0.888s] -- Installing: /home/y-takahashi/ros2_ws/src/adi_driver2/install/adi_driver2/share/adi_driver2/launch/adis16465.launch.py
[0.888s] -- Installing: /home/y-takahashi/ros2_ws/src/adi_driver2/install/adi_driver2/share/adi_driver2/launch/adis16465.launch
[0.888s] -- Up-to-date: /home/y-takahashi/ros2_ws/src/adi_driver2/install/adi_driver2/share/adi_driver2/urdf
[0.888s] -- Up-to-date: /home/y-takahashi/ros2_ws/src/adi_driver2/install/adi_driver2/share/adi_driver2/urdf/adis16470_breakout.urdf
[0.888s] -- Up-to-date: /home/y-takahashi/ros2_ws/src/adi_driver2/install/adi_driver2/share/adi_driver2/urdf/adis16465_breakout.urdf
[0.888s] -- Installing: /home/y-takahashi/ros2_ws/src/adi_driver2/install/adi_driver2/share/ament_index/resource_index/package_run_dependencies/adi_driver2
[0.888s] -- Installing: /home/y-takahashi/ros2_ws/src/adi_driver2/install/adi_driver2/share/ament_index/resource_index/parent_prefix_path/adi_driver2
[0.888s] -- Up-to-date: /home/y-takahashi/ros2_ws/src/adi_driver2/install/adi_driver2/share/adi_driver2/environment/ament_prefix_path.sh
[0.888s] -- Installing: /home/y-takahashi/ros2_ws/src/adi_driver2/install/adi_driver2/share/adi_driver2/environment/ament_prefix_path.dsv
[0.888s] -- Up-to-date: /home/y-takahashi/ros2_ws/src/adi_driver2/install/adi_driver2/share/adi_driver2/environment/path.sh
[0.888s] -- Installing: /home/y-takahashi/ros2_ws/src/adi_driver2/install/adi_driver2/share/adi_driver2/environment/path.dsv
[0.888s] -- Up-to-date: /home/y-takahashi/ros2_ws/src/adi_driver2/install/adi_driver2/share/adi_driver2/local_setup.bash
[0.888s] -- Up-to-date: /home/y-takahashi/ros2_ws/src/adi_driver2/install/adi_driver2/share/adi_driver2/local_setup.sh
[0.888s] -- Up-to-date: /home/y-takahashi/ros2_ws/src/adi_driver2/install/adi_driver2/share/adi_driver2/local_setup.zsh
[0.888s] -- Installing: /home/y-takahashi/ros2_ws/src/adi_driver2/install/adi_driver2/share/adi_driver2/local_setup.dsv
[0.889s] -- Installing: /home/y-takahashi/ros2_ws/src/adi_driver2/install/adi_driver2/share/adi_driver2/package.dsv
[0.889s] -- Up-to-date: /home/y-takahashi/ros2_ws/src/adi_driver2/install/adi_driver2/share/ament_index/resource_index/packages/adi_driver2
[0.889s] -- Up-to-date: /home/y-takahashi/ros2_ws/src/adi_driver2/install/adi_driver2/share/adi_driver2/cmake/ament_cmake_export_dependencies-extras.cmake
[0.889s] -- Up-to-date: /home/y-takahashi/ros2_ws/src/adi_driver2/install/adi_driver2/share/adi_driver2/cmake/ament_cmake_export_include_directories-extras.cmake
[0.889s] -- Up-to-date: /home/y-takahashi/ros2_ws/src/adi_driver2/install/adi_driver2/share/adi_driver2/cmake/adi_driver2Config.cmake
[0.889s] -- Up-to-date: /home/y-takahashi/ros2_ws/src/adi_driver2/install/adi_driver2/share/adi_driver2/cmake/adi_driver2Config-version.cmake
[0.889s] -- Installing: /home/y-takahashi/ros2_ws/src/adi_driver2/install/adi_driver2/share/adi_driver2/package.xml
[0.890s] Invoked command in '/home/y-takahashi/ros2_ws/src/adi_driver2/build/adi_driver2' returned '0': CMAKE_PREFIX_PATH=${CMAKE_PREFIX_PATH}:/opt/ros/foxy /usr/bin/cmake --install /home/y-takahashi/ros2_ws/src/adi_driver2/build/adi_driver2
