[0.236s] DEBUG:colcon:Command line arguments: ['/usr/bin/colcon', 'build']
[0.236s] DEBUG:colcon:Parsed command line arguments: Namespace(allow_overriding=[], ament_cmake_args=None, base_paths=['.'], build_base='build', catkin_cmake_args=None, catkin_skip_building_tests=False, cmake_args=None, cmake_clean_cache=False, cmake_clean_first=False, cmake_force_configure=False, cmake_target=None, cmake_target_skip_unavailable=False, continue_on_error=False, event_handlers=None, executor='parallel', ignore_user_meta=False, install_base='install', log_base=None, log_level=None, main=<bound method BuildVerb.main of <colcon_core.verb.build.BuildVerb object at 0x7f3664d5ab20>>, merge_install=False, metas=['./colcon.meta'], packages_above=None, packages_above_and_dependencies=None, packages_above_depth=None, packages_end=None, packages_ignore=None, packages_ignore_regex=None, packages_select=None, packages_select_build_failed=False, packages_select_by_dep=None, packages_select_regex=None, packages_select_test_failures=False, packages_skip=None, packages_skip_build_finished=False, packages_skip_by_dep=None, packages_skip_regex=None, packages_skip_test_passed=False, packages_skip_up_to=None, packages_start=None, packages_up_to=None, packages_up_to_regex=None, parallel_workers=12, paths=None, symlink_install=False, test_result_base=None, verb_extension=<colcon_core.verb.build.BuildVerb object at 0x7f3664d5ab20>, verb_name='build', verb_parser=<colcon_defaults.argument_parser.defaults.DefaultArgumentsDecorator object at 0x7f3664ce70d0>)
[0.267s] Level 1:colcon.colcon_core.package_discovery:discover_packages(colcon_meta) check parameters
[0.268s] Level 1:colcon.colcon_core.package_discovery:discover_packages(recursive) check parameters
[0.268s] Level 1:colcon.colcon_core.package_discovery:discover_packages(ignore) check parameters
[0.268s] Level 1:colcon.colcon_core.package_discovery:discover_packages(path) check parameters
[0.268s] Level 1:colcon.colcon_core.package_discovery:discover_packages(colcon_meta) discover
[0.268s] Level 1:colcon.colcon_core.package_discovery:discover_packages(recursive) discover
[0.268s] INFO:colcon.colcon_core.package_discovery:Crawling recursively for packages in '/home/y-takahashi/ros2_ws/src/adi_driver2'
[0.268s] Level 1:colcon.colcon_core.package_identification:_identify(.) by extensions ['ignore', 'ignore_ament_install']
[0.268s] Level 1:colcon.colcon_core.package_identification:_identify(.) by extension 'ignore'
[0.268s] Level 1:colcon.colcon_core.package_identification:_identify(.) by extension 'ignore_ament_install'
[0.268s] Level 1:colcon.colcon_core.package_identification:_identify(.) by extensions ['colcon_pkg']
[0.268s] Level 1:colcon.colcon_core.package_identification:_identify(.) by extension 'colcon_pkg'
[0.268s] Level 1:colcon.colcon_core.package_identification:_identify(.) by extensions ['colcon_meta']
[0.268s] Level 1:colcon.colcon_core.package_identification:_identify(.) by extension 'colcon_meta'
[0.268s] Level 1:colcon.colcon_core.package_identification:_identify(.) by extensions ['ros']
[0.268s] Level 1:colcon.colcon_core.package_identification:_identify(.) by extension 'ros'
[0.276s] DEBUG:colcon.colcon_core.package_identification:Package '.' with type 'ros.ament_cmake' and name 'adi_driver2'
[0.276s] Level 1:colcon.colcon_core.package_discovery:discover_packages(recursive) using defaults
[0.276s] Level 1:colcon.colcon_core.package_discovery:discover_packages(ignore) discover
[0.276s] Level 1:colcon.colcon_core.package_discovery:discover_packages(ignore) using defaults
[0.276s] Level 1:colcon.colcon_core.package_discovery:discover_packages(path) discover
[0.276s] Level 1:colcon.colcon_core.package_discovery:discover_packages(path) using defaults
[0.292s] Level 1:colcon.colcon_core.package_discovery:discover_packages(prefix_path) check parameters
[0.292s] Level 1:colcon.colcon_core.package_discovery:discover_packages(prefix_path) discover
[0.294s] DEBUG:colcon.colcon_installed_package_information.package_discovery:Found 1 installed packages in /home/y-takahashi/ros2_ws/src/adi_driver2/install
[0.295s] DEBUG:colcon.colcon_installed_package_information.package_discovery:Found 256 installed packages in /opt/ros/foxy
[0.296s] Level 1:colcon.colcon_core.package_discovery:discover_packages(prefix_path) using defaults
[0.349s] Level 5:colcon.colcon_core.verb:set package 'adi_driver2' build argument 'cmake_args' from command line to 'None'
[0.349s] Level 5:colcon.colcon_core.verb:set package 'adi_driver2' build argument 'cmake_target' from command line to 'None'
[0.349s] Level 5:colcon.colcon_core.verb:set package 'adi_driver2' build argument 'cmake_target_skip_unavailable' from command line to 'False'
[0.349s] Level 5:colcon.colcon_core.verb:set package 'adi_driver2' build argument 'cmake_clean_cache' from command line to 'False'
[0.349s] Level 5:colcon.colcon_core.verb:set package 'adi_driver2' build argument 'cmake_clean_first' from command line to 'False'
[0.349s] Level 5:colcon.colcon_core.verb:set package 'adi_driver2' build argument 'cmake_force_configure' from command line to 'False'
[0.349s] Level 5:colcon.colcon_core.verb:set package 'adi_driver2' build argument 'ament_cmake_args' from command line to 'None'
[0.349s] Level 5:colcon.colcon_core.verb:set package 'adi_driver2' build argument 'catkin_cmake_args' from command line to 'None'
[0.349s] Level 5:colcon.colcon_core.verb:set package 'adi_driver2' build argument 'catkin_skip_building_tests' from command line to 'False'
[0.349s] DEBUG:colcon.colcon_core.verb:Building package 'adi_driver2' with the following arguments: {'ament_cmake_args': None, 'build_base': '/home/y-takahashi/ros2_ws/src/adi_driver2/build/adi_driver2', 'catkin_cmake_args': None, 'catkin_skip_building_tests': False, 'cmake_args': None, 'cmake_clean_cache': False, 'cmake_clean_first': False, 'cmake_force_configure': False, 'cmake_target': None, 'cmake_target_skip_unavailable': False, 'install_base': '/home/y-takahashi/ros2_ws/src/adi_driver2/install/adi_driver2', 'merge_install': False, 'path': '/home/y-takahashi/ros2_ws/src/adi_driver2', 'symlink_install': False, 'test_result_base': None}
[0.350s] INFO:colcon.colcon_core.executor:Executing jobs using 'parallel' executor
[0.352s] DEBUG:colcon.colcon_parallel_executor.executor.parallel:run_until_complete
[0.352s] INFO:colcon.colcon_ros.task.ament_cmake.build:Building ROS package in '/home/y-takahashi/ros2_ws/src/adi_driver2' with build type 'ament_cmake'
[0.352s] INFO:colcon.colcon_cmake.task.cmake.build:Building CMake package in '/home/y-takahashi/ros2_ws/src/adi_driver2'
[0.357s] INFO:colcon.colcon_core.plugin_system:Skipping extension 'colcon_core.shell.bat': Not used on non-Windows systems
[0.357s] INFO:colcon.colcon_core.shell:Skip shell extension 'powershell' for command environment: Not usable outside of PowerShell
[0.357s] DEBUG:colcon.colcon_core.shell:Skip shell extension 'dsv' for command environment
[0.366s] DEBUG:colcon.colcon_core.event_handler.log_command:Invoking command in '/home/y-takahashi/ros2_ws/src/adi_driver2/build/adi_driver2': CMAKE_PREFIX_PATH=${CMAKE_PREFIX_PATH}:/opt/ros/foxy /usr/bin/cmake --build /home/y-takahashi/ros2_ws/src/adi_driver2/build/adi_driver2 -- -j12 -l12
[1.175s] DEBUG:colcon.colcon_core.event_handler.log_command:Invoked command in '/home/y-takahashi/ros2_ws/src/adi_driver2/build/adi_driver2' returned '0': CMAKE_PREFIX_PATH=${CMAKE_PREFIX_PATH}:/opt/ros/foxy /usr/bin/cmake --build /home/y-takahashi/ros2_ws/src/adi_driver2/build/adi_driver2 -- -j12 -l12
[1.231s] DEBUG:colcon.colcon_core.event_handler.log_command:Invoking command in '/home/y-takahashi/ros2_ws/src/adi_driver2/build/adi_driver2': CMAKE_PREFIX_PATH=${CMAKE_PREFIX_PATH}:/opt/ros/foxy /usr/bin/cmake --install /home/y-takahashi/ros2_ws/src/adi_driver2/build/adi_driver2
[1.242s] Level 1:colcon.colcon_core.environment:create_environment_scripts_only(adi_driver2)
[1.243s] DEBUG:colcon.colcon_core.event_handler.log_command:Invoked command in '/home/y-takahashi/ros2_ws/src/adi_driver2/build/adi_driver2' returned '0': CMAKE_PREFIX_PATH=${CMAKE_PREFIX_PATH}:/opt/ros/foxy /usr/bin/cmake --install /home/y-takahashi/ros2_ws/src/adi_driver2/build/adi_driver2
[1.249s] Level 1:colcon.colcon_core.environment:checking '/home/y-takahashi/ros2_ws/src/adi_driver2/install/adi_driver2' for CMake module files
[1.249s] Level 1:colcon.colcon_core.environment:checking '/home/y-takahashi/ros2_ws/src/adi_driver2/install/adi_driver2' for CMake config files
[1.249s] Level 1:colcon.colcon_core.shell:create_environment_hook('adi_driver2', 'cmake_prefix_path')
[1.250s] INFO:colcon.colcon_core.shell:Creating environment hook '/home/y-takahashi/ros2_ws/src/adi_driver2/install/adi_driver2/share/adi_driver2/hook/cmake_prefix_path.ps1'
[1.251s] INFO:colcon.colcon_core.shell:Creating environment descriptor '/home/y-takahashi/ros2_ws/src/adi_driver2/install/adi_driver2/share/adi_driver2/hook/cmake_prefix_path.dsv'
[1.251s] INFO:colcon.colcon_core.shell:Creating environment hook '/home/y-takahashi/ros2_ws/src/adi_driver2/install/adi_driver2/share/adi_driver2/hook/cmake_prefix_path.sh'
[1.252s] Level 1:colcon.colcon_core.environment:checking '/home/y-takahashi/ros2_ws/src/adi_driver2/install/adi_driver2/lib'
[1.252s] Level 1:colcon.colcon_core.environment:checking '/home/y-takahashi/ros2_ws/src/adi_driver2/install/adi_driver2/bin'
[1.252s] Level 1:colcon.colcon_core.environment:checking '/home/y-takahashi/ros2_ws/src/adi_driver2/install/adi_driver2/lib/pkgconfig/adi_driver2.pc'
[1.252s] Level 1:colcon.colcon_core.environment:checking '/home/y-takahashi/ros2_ws/src/adi_driver2/install/adi_driver2/lib/python3.8/site-packages'
[1.253s] Level 1:colcon.colcon_core.environment:checking '/home/y-takahashi/ros2_ws/src/adi_driver2/install/adi_driver2/bin'
[1.253s] INFO:colcon.colcon_core.shell:Creating package script '/home/y-takahashi/ros2_ws/src/adi_driver2/install/adi_driver2/share/adi_driver2/package.ps1'
[1.254s] INFO:colcon.colcon_core.shell:Creating package descriptor '/home/y-takahashi/ros2_ws/src/adi_driver2/install/adi_driver2/share/adi_driver2/package.dsv'
[1.255s] INFO:colcon.colcon_core.shell:Creating package script '/home/y-takahashi/ros2_ws/src/adi_driver2/install/adi_driver2/share/adi_driver2/package.sh'
[1.255s] INFO:colcon.colcon_core.shell:Creating package script '/home/y-takahashi/ros2_ws/src/adi_driver2/install/adi_driver2/share/adi_driver2/package.bash'
[1.256s] INFO:colcon.colcon_core.shell:Creating package script '/home/y-takahashi/ros2_ws/src/adi_driver2/install/adi_driver2/share/adi_driver2/package.zsh'
[1.257s] Level 1:colcon.colcon_core.environment:create_file_with_runtime_dependencies(/home/y-takahashi/ros2_ws/src/adi_driver2/install/adi_driver2/share/colcon-core/packages/adi_driver2)
[1.273s] Level 1:colcon.colcon_core.environment:create_environment_scripts_only(adi_driver2)
[1.275s] Level 1:colcon.colcon_core.environment:checking '/home/y-takahashi/ros2_ws/src/adi_driver2/install/adi_driver2' for CMake module files
[1.275s] Level 1:colcon.colcon_core.environment:checking '/home/y-takahashi/ros2_ws/src/adi_driver2/install/adi_driver2' for CMake config files
[1.275s] Level 1:colcon.colcon_core.shell:create_environment_hook('adi_driver2', 'cmake_prefix_path')
[1.276s] INFO:colcon.colcon_core.shell:Creating environment hook '/home/y-takahashi/ros2_ws/src/adi_driver2/install/adi_driver2/share/adi_driver2/hook/cmake_prefix_path.ps1'
[1.276s] INFO:colcon.colcon_core.shell:Creating environment descriptor '/home/y-takahashi/ros2_ws/src/adi_driver2/install/adi_driver2/share/adi_driver2/hook/cmake_prefix_path.dsv'
[1.277s] INFO:colcon.colcon_core.shell:Creating environment hook '/home/y-takahashi/ros2_ws/src/adi_driver2/install/adi_driver2/share/adi_driver2/hook/cmake_prefix_path.sh'
[1.277s] Level 1:colcon.colcon_core.environment:checking '/home/y-takahashi/ros2_ws/src/adi_driver2/install/adi_driver2/lib'
[1.277s] Level 1:colcon.colcon_core.environment:checking '/home/y-takahashi/ros2_ws/src/adi_driver2/install/adi_driver2/bin'
[1.277s] Level 1:colcon.colcon_core.environment:checking '/home/y-takahashi/ros2_ws/src/adi_driver2/install/adi_driver2/lib/pkgconfig/adi_driver2.pc'
[1.277s] Level 1:colcon.colcon_core.environment:checking '/home/y-takahashi/ros2_ws/src/adi_driver2/install/adi_driver2/lib/python3.8/site-packages'
[1.277s] Level 1:colcon.colcon_core.environment:checking '/home/y-takahashi/ros2_ws/src/adi_driver2/install/adi_driver2/bin'
[1.278s] INFO:colcon.colcon_core.shell:Creating package script '/home/y-takahashi/ros2_ws/src/adi_driver2/install/adi_driver2/share/adi_driver2/package.ps1'
[1.279s] INFO:colcon.colcon_core.shell:Creating package descriptor '/home/y-takahashi/ros2_ws/src/adi_driver2/install/adi_driver2/share/adi_driver2/package.dsv'
[1.279s] INFO:colcon.colcon_core.shell:Creating package script '/home/y-takahashi/ros2_ws/src/adi_driver2/install/adi_driver2/share/adi_driver2/package.sh'
[1.279s] INFO:colcon.colcon_core.shell:Creating package script '/home/y-takahashi/ros2_ws/src/adi_driver2/install/adi_driver2/share/adi_driver2/package.bash'
[1.280s] INFO:colcon.colcon_core.shell:Creating package script '/home/y-takahashi/ros2_ws/src/adi_driver2/install/adi_driver2/share/adi_driver2/package.zsh'
[1.280s] Level 1:colcon.colcon_core.environment:create_file_with_runtime_dependencies(/home/y-takahashi/ros2_ws/src/adi_driver2/install/adi_driver2/share/colcon-core/packages/adi_driver2)
[1.280s] DEBUG:colcon.colcon_parallel_executor.executor.parallel:closing loop
[1.281s] DEBUG:colcon.colcon_parallel_executor.executor.parallel:loop closed
[1.281s] DEBUG:colcon.colcon_parallel_executor.executor.parallel:run_until_complete finished with '0'
[1.281s] DEBUG:colcon.colcon_core.event_reactor:joining thread
[1.288s] INFO:colcon.colcon_core.plugin_system:Skipping extension 'colcon_notification.desktop_notification.terminal_notifier': Not used on non-Darwin systems
[1.288s] INFO:colcon.colcon_core.plugin_system:Skipping extension 'colcon_notification.desktop_notification.win32': Not used on non-Windows systems
[1.289s] INFO:colcon.colcon_notification.desktop_notification:Sending desktop notification using 'notify2'
[1.310s] DEBUG:colcon.colcon_core.event_reactor:joined thread
[1.311s] INFO:colcon.colcon_core.shell:Creating prefix script '/home/y-takahashi/ros2_ws/src/adi_driver2/install/local_setup.ps1'
[1.312s] INFO:colcon.colcon_core.shell:Creating prefix util module '/home/y-takahashi/ros2_ws/src/adi_driver2/install/_local_setup_util_ps1.py'
[1.313s] INFO:colcon.colcon_core.shell:Creating prefix chain script '/home/y-takahashi/ros2_ws/src/adi_driver2/install/setup.ps1'
[1.314s] INFO:colcon.colcon_core.shell:Creating prefix script '/home/y-takahashi/ros2_ws/src/adi_driver2/install/local_setup.sh'
[1.315s] INFO:colcon.colcon_core.shell:Creating prefix util module '/home/y-takahashi/ros2_ws/src/adi_driver2/install/_local_setup_util_sh.py'
[1.315s] INFO:colcon.colcon_core.shell:Creating prefix chain script '/home/y-takahashi/ros2_ws/src/adi_driver2/install/setup.sh'
[1.316s] INFO:colcon.colcon_core.shell:Creating prefix script '/home/y-takahashi/ros2_ws/src/adi_driver2/install/local_setup.bash'
[1.317s] INFO:colcon.colcon_core.shell:Creating prefix chain script '/home/y-takahashi/ros2_ws/src/adi_driver2/install/setup.bash'
[1.318s] INFO:colcon.colcon_core.shell:Creating prefix script '/home/y-takahashi/ros2_ws/src/adi_driver2/install/local_setup.zsh'
[1.318s] INFO:colcon.colcon_core.shell:Creating prefix chain script '/home/y-takahashi/ros2_ws/src/adi_driver2/install/setup.zsh'
