[0.201s] DEBUG:colcon:Command line arguments: ['/usr/bin/colcon', 'build']
[0.201s] DEBUG:colcon:Parsed command line arguments: Namespace(allow_overriding=[], ament_cmake_args=None, base_paths=['.'], build_base='build', catkin_cmake_args=None, catkin_skip_building_tests=False, cmake_args=None, cmake_clean_cache=False, cmake_clean_first=False, cmake_force_configure=False, cmake_target=None, cmake_target_skip_unavailable=False, continue_on_error=False, event_handlers=None, executor='parallel', ignore_user_meta=False, install_base='install', log_base=None, log_level=None, main=<bound method BuildVerb.main of <colcon_core.verb.build.BuildVerb object at 0x7f61394a2eb0>>, merge_install=False, metas=['./colcon.meta'], packages_above=None, packages_above_and_dependencies=None, packages_above_depth=None, packages_end=None, packages_ignore=None, packages_ignore_regex=None, packages_select=None, packages_select_build_failed=False, packages_select_by_dep=None, packages_select_regex=None, packages_select_test_failures=False, packages_skip=None, packages_skip_build_finished=False, packages_skip_by_dep=None, packages_skip_regex=None, packages_skip_test_passed=False, packages_skip_up_to=None, packages_start=None, packages_up_to=None, packages_up_to_regex=None, parallel_workers=12, paths=None, symlink_install=False, test_result_base=None, verb_extension=<colcon_core.verb.build.BuildVerb object at 0x7f61394a2eb0>, verb_name='build', verb_parser=<colcon_defaults.argument_parser.defaults.DefaultArgumentsDecorator object at 0x7f613942b460>)
[0.222s] Level 1:colcon.colcon_core.package_discovery:discover_packages(colcon_meta) check parameters
[0.222s] Level 1:colcon.colcon_core.package_discovery:discover_packages(recursive) check parameters
[0.222s] Level 1:colcon.colcon_core.package_discovery:discover_packages(ignore) check parameters
[0.222s] Level 1:colcon.colcon_core.package_discovery:discover_packages(path) check parameters
[0.222s] Level 1:colcon.colcon_core.package_discovery:discover_packages(colcon_meta) discover
[0.222s] Level 1:colcon.colcon_core.package_discovery:discover_packages(recursive) discover
[0.222s] INFO:colcon.colcon_core.package_discovery:Crawling recursively for packages in '/home/y-takahashi/ros2_ws/src/adi_driver2'
[0.222s] Level 1:colcon.colcon_core.package_identification:_identify(.) by extensions ['ignore', 'ignore_ament_install']
[0.222s] Level 1:colcon.colcon_core.package_identification:_identify(.) by extension 'ignore'
[0.222s] Level 1:colcon.colcon_core.package_identification:_identify(.) by extension 'ignore_ament_install'
[0.222s] Level 1:colcon.colcon_core.package_identification:_identify(.) by extensions ['colcon_pkg']
[0.222s] Level 1:colcon.colcon_core.package_identification:_identify(.) by extension 'colcon_pkg'
[0.222s] Level 1:colcon.colcon_core.package_identification:_identify(.) by extensions ['colcon_meta']
[0.222s] Level 1:colcon.colcon_core.package_identification:_identify(.) by extension 'colcon_meta'
[0.222s] Level 1:colcon.colcon_core.package_identification:_identify(.) by extensions ['ros']
[0.222s] Level 1:colcon.colcon_core.package_identification:_identify(.) by extension 'ros'
[0.230s] DEBUG:colcon.colcon_core.package_identification:Package '.' with type 'ros.ament_cmake' and name 'adi_driver2'
[0.230s] Level 1:colcon.colcon_core.package_discovery:discover_packages(recursive) using defaults
[0.230s] Level 1:colcon.colcon_core.package_discovery:discover_packages(ignore) discover
[0.230s] Level 1:colcon.colcon_core.package_discovery:discover_packages(ignore) using defaults
[0.230s] Level 1:colcon.colcon_core.package_discovery:discover_packages(path) discover
[0.230s] Level 1:colcon.colcon_core.package_discovery:discover_packages(path) using defaults
[0.242s] Level 1:colcon.colcon_core.package_discovery:discover_packages(prefix_path) check parameters
[0.242s] Level 1:colcon.colcon_core.package_discovery:discover_packages(prefix_path) discover
[0.244s] DEBUG:colcon.colcon_installed_package_information.package_discovery:Found 256 installed packages in /opt/ros/foxy
[0.245s] Level 1:colcon.colcon_core.package_discovery:discover_packages(prefix_path) using defaults
[0.284s] Level 5:colcon.colcon_core.verb:set package 'adi_driver2' build argument 'cmake_args' from command line to 'None'
[0.284s] Level 5:colcon.colcon_core.verb:set package 'adi_driver2' build argument 'cmake_target' from command line to 'None'
[0.284s] Level 5:colcon.colcon_core.verb:set package 'adi_driver2' build argument 'cmake_target_skip_unavailable' from command line to 'False'
[0.284s] Level 5:colcon.colcon_core.verb:set package 'adi_driver2' build argument 'cmake_clean_cache' from command line to 'False'
[0.284s] Level 5:colcon.colcon_core.verb:set package 'adi_driver2' build argument 'cmake_clean_first' from command line to 'False'
[0.284s] Level 5:colcon.colcon_core.verb:set package 'adi_driver2' build argument 'cmake_force_configure' from command line to 'False'
[0.284s] Level 5:colcon.colcon_core.verb:set package 'adi_driver2' build argument 'ament_cmake_args' from command line to 'None'
[0.284s] Level 5:colcon.colcon_core.verb:set package 'adi_driver2' build argument 'catkin_cmake_args' from command line to 'None'
[0.284s] Level 5:colcon.colcon_core.verb:set package 'adi_driver2' build argument 'catkin_skip_building_tests' from command line to 'False'
[0.284s] DEBUG:colcon.colcon_core.verb:Building package 'adi_driver2' with the following arguments: {'ament_cmake_args': None, 'build_base': '/home/y-takahashi/ros2_ws/src/adi_driver2/build/adi_driver2', 'catkin_cmake_args': None, 'catkin_skip_building_tests': False, 'cmake_args': None, 'cmake_clean_cache': False, 'cmake_clean_first': False, 'cmake_force_configure': False, 'cmake_target': None, 'cmake_target_skip_unavailable': False, 'install_base': '/home/y-takahashi/ros2_ws/src/adi_driver2/install/adi_driver2', 'merge_install': False, 'path': '/home/y-takahashi/ros2_ws/src/adi_driver2', 'symlink_install': False, 'test_result_base': None}
[0.284s] INFO:colcon.colcon_core.executor:Executing jobs using 'parallel' executor
[0.287s] DEBUG:colcon.colcon_parallel_executor.executor.parallel:run_until_complete
[0.287s] INFO:colcon.colcon_ros.task.ament_cmake.build:Building ROS package in '/home/y-takahashi/ros2_ws/src/adi_driver2' with build type 'ament_cmake'
[0.287s] INFO:colcon.colcon_cmake.task.cmake.build:Building CMake package in '/home/y-takahashi/ros2_ws/src/adi_driver2'
[0.289s] INFO:colcon.colcon_core.plugin_system:Skipping extension 'colcon_core.shell.bat': Not used on non-Windows systems
[0.289s] INFO:colcon.colcon_core.shell:Skip shell extension 'powershell' for command environment: Not usable outside of PowerShell
[0.289s] DEBUG:colcon.colcon_core.shell:Skip shell extension 'dsv' for command environment
[0.296s] DEBUG:colcon.colcon_core.event_handler.log_command:Invoking command in '/home/y-takahashi/ros2_ws/src/adi_driver2/build/adi_driver2': CMAKE_PREFIX_PATH=/opt/ros/foxy /usr/bin/cmake --build /home/y-takahashi/ros2_ws/src/adi_driver2/build/adi_driver2 -- -j12 -l12
[3.180s] DEBUG:colcon.colcon_core.event_handler.log_command:Invoked command in '/home/y-takahashi/ros2_ws/src/adi_driver2/build/adi_driver2' returned '0': CMAKE_PREFIX_PATH=/opt/ros/foxy /usr/bin/cmake --build /home/y-takahashi/ros2_ws/src/adi_driver2/build/adi_driver2 -- -j12 -l12
[3.204s] DEBUG:colcon.colcon_core.event_handler.log_command:Invoking command in '/home/y-takahashi/ros2_ws/src/adi_driver2/build/adi_driver2': CMAKE_PREFIX_PATH=/opt/ros/foxy /usr/bin/cmake --install /home/y-takahashi/ros2_ws/src/adi_driver2/build/adi_driver2
[3.217s] Level 1:colcon.colcon_core.environment:create_environment_scripts_only(adi_driver2)
[3.217s] DEBUG:colcon.colcon_core.event_handler.log_command:Invoked command in '/home/y-takahashi/ros2_ws/src/adi_driver2/build/adi_driver2' returned '0': CMAKE_PREFIX_PATH=/opt/ros/foxy /usr/bin/cmake --install /home/y-takahashi/ros2_ws/src/adi_driver2/build/adi_driver2
[3.220s] Level 1:colcon.colcon_core.environment:checking '/home/y-takahashi/ros2_ws/src/adi_driver2/install/adi_driver2' for CMake module files
[3.220s] Level 1:colcon.colcon_core.environment:checking '/home/y-takahashi/ros2_ws/src/adi_driver2/install/adi_driver2' for CMake config files
[3.220s] Level 1:colcon.colcon_core.shell:create_environment_hook('adi_driver2', 'cmake_prefix_path')
[3.221s] INFO:colcon.colcon_core.shell:Creating environment hook '/home/y-takahashi/ros2_ws/src/adi_driver2/install/adi_driver2/share/adi_driver2/hook/cmake_prefix_path.ps1'
[3.222s] INFO:colcon.colcon_core.shell:Creating environment descriptor '/home/y-takahashi/ros2_ws/src/adi_driver2/install/adi_driver2/share/adi_driver2/hook/cmake_prefix_path.dsv'
[3.222s] INFO:colcon.colcon_core.shell:Creating environment hook '/home/y-takahashi/ros2_ws/src/adi_driver2/install/adi_driver2/share/adi_driver2/hook/cmake_prefix_path.sh'
[3.223s] Level 1:colcon.colcon_core.environment:checking '/home/y-takahashi/ros2_ws/src/adi_driver2/install/adi_driver2/lib'
[3.223s] Level 1:colcon.colcon_core.environment:checking '/home/y-takahashi/ros2_ws/src/adi_driver2/install/adi_driver2/bin'
[3.223s] Level 1:colcon.colcon_core.environment:checking '/home/y-takahashi/ros2_ws/src/adi_driver2/install/adi_driver2/lib/pkgconfig/adi_driver2.pc'
[3.223s] Level 1:colcon.colcon_core.environment:checking '/home/y-takahashi/ros2_ws/src/adi_driver2/install/adi_driver2/lib/python3.8/site-packages'
[3.223s] Level 1:colcon.colcon_core.environment:checking '/home/y-takahashi/ros2_ws/src/adi_driver2/install/adi_driver2/bin'
[3.224s] INFO:colcon.colcon_core.shell:Creating package script '/home/y-takahashi/ros2_ws/src/adi_driver2/install/adi_driver2/share/adi_driver2/package.ps1'
[3.224s] INFO:colcon.colcon_core.shell:Creating package descriptor '/home/y-takahashi/ros2_ws/src/adi_driver2/install/adi_driver2/share/adi_driver2/package.dsv'
[3.225s] INFO:colcon.colcon_core.shell:Creating package script '/home/y-takahashi/ros2_ws/src/adi_driver2/install/adi_driver2/share/adi_driver2/package.sh'
[3.225s] INFO:colcon.colcon_core.shell:Creating package script '/home/y-takahashi/ros2_ws/src/adi_driver2/install/adi_driver2/share/adi_driver2/package.bash'
[3.225s] INFO:colcon.colcon_core.shell:Creating package script '/home/y-takahashi/ros2_ws/src/adi_driver2/install/adi_driver2/share/adi_driver2/package.zsh'
[3.226s] Level 1:colcon.colcon_core.environment:create_file_with_runtime_dependencies(/home/y-takahashi/ros2_ws/src/adi_driver2/install/adi_driver2/share/colcon-core/packages/adi_driver2)
[3.241s] Level 1:colcon.colcon_core.environment:create_environment_scripts_only(adi_driver2)
[3.242s] Level 1:colcon.colcon_core.environment:checking '/home/y-takahashi/ros2_ws/src/adi_driver2/install/adi_driver2' for CMake module files
[3.243s] Level 1:colcon.colcon_core.environment:checking '/home/y-takahashi/ros2_ws/src/adi_driver2/install/adi_driver2' for CMake config files
[3.243s] Level 1:colcon.colcon_core.shell:create_environment_hook('adi_driver2', 'cmake_prefix_path')
[3.244s] INFO:colcon.colcon_core.shell:Creating environment hook '/home/y-takahashi/ros2_ws/src/adi_driver2/install/adi_driver2/share/adi_driver2/hook/cmake_prefix_path.ps1'
[3.244s] INFO:colcon.colcon_core.shell:Creating environment descriptor '/home/y-takahashi/ros2_ws/src/adi_driver2/install/adi_driver2/share/adi_driver2/hook/cmake_prefix_path.dsv'
[3.245s] INFO:colcon.colcon_core.shell:Creating environment hook '/home/y-takahashi/ros2_ws/src/adi_driver2/install/adi_driver2/share/adi_driver2/hook/cmake_prefix_path.sh'
[3.245s] Level 1:colcon.colcon_core.environment:checking '/home/y-takahashi/ros2_ws/src/adi_driver2/install/adi_driver2/lib'
[3.245s] Level 1:colcon.colcon_core.environment:checking '/home/y-takahashi/ros2_ws/src/adi_driver2/install/adi_driver2/bin'
[3.245s] Level 1:colcon.colcon_core.environment:checking '/home/y-takahashi/ros2_ws/src/adi_driver2/install/adi_driver2/lib/pkgconfig/adi_driver2.pc'
[3.245s] Level 1:colcon.colcon_core.environment:checking '/home/y-takahashi/ros2_ws/src/adi_driver2/install/adi_driver2/lib/python3.8/site-packages'
[3.246s] Level 1:colcon.colcon_core.environment:checking '/home/y-takahashi/ros2_ws/src/adi_driver2/install/adi_driver2/bin'
[3.246s] INFO:colcon.colcon_core.shell:Creating package script '/home/y-takahashi/ros2_ws/src/adi_driver2/install/adi_driver2/share/adi_driver2/package.ps1'
[3.247s] INFO:colcon.colcon_core.shell:Creating package descriptor '/home/y-takahashi/ros2_ws/src/adi_driver2/install/adi_driver2/share/adi_driver2/package.dsv'
[3.247s] INFO:colcon.colcon_core.shell:Creating package script '/home/y-takahashi/ros2_ws/src/adi_driver2/install/adi_driver2/share/adi_driver2/package.sh'
[3.247s] INFO:colcon.colcon_core.shell:Creating package script '/home/y-takahashi/ros2_ws/src/adi_driver2/install/adi_driver2/share/adi_driver2/package.bash'
[3.247s] INFO:colcon.colcon_core.shell:Creating package script '/home/y-takahashi/ros2_ws/src/adi_driver2/install/adi_driver2/share/adi_driver2/package.zsh'
[3.248s] Level 1:colcon.colcon_core.environment:create_file_with_runtime_dependencies(/home/y-takahashi/ros2_ws/src/adi_driver2/install/adi_driver2/share/colcon-core/packages/adi_driver2)
[3.248s] DEBUG:colcon.colcon_parallel_executor.executor.parallel:closing loop
[3.248s] DEBUG:colcon.colcon_parallel_executor.executor.parallel:loop closed
[3.248s] DEBUG:colcon.colcon_parallel_executor.executor.parallel:run_until_complete finished with '0'
[3.248s] DEBUG:colcon.colcon_core.event_reactor:joining thread
[3.252s] INFO:colcon.colcon_core.plugin_system:Skipping extension 'colcon_notification.desktop_notification.terminal_notifier': Not used on non-Darwin systems
[3.252s] INFO:colcon.colcon_core.plugin_system:Skipping extension 'colcon_notification.desktop_notification.win32': Not used on non-Windows systems
[3.252s] INFO:colcon.colcon_notification.desktop_notification:Sending desktop notification using 'notify2'
[3.262s] DEBUG:colcon.colcon_core.event_reactor:joined thread
[3.263s] INFO:colcon.colcon_core.shell:Creating prefix script '/home/y-takahashi/ros2_ws/src/adi_driver2/install/local_setup.ps1'
[3.264s] INFO:colcon.colcon_core.shell:Creating prefix util module '/home/y-takahashi/ros2_ws/src/adi_driver2/install/_local_setup_util_ps1.py'
[3.265s] INFO:colcon.colcon_core.shell:Creating prefix chain script '/home/y-takahashi/ros2_ws/src/adi_driver2/install/setup.ps1'
[3.266s] INFO:colcon.colcon_core.shell:Creating prefix script '/home/y-takahashi/ros2_ws/src/adi_driver2/install/local_setup.sh'
[3.266s] INFO:colcon.colcon_core.shell:Creating prefix util module '/home/y-takahashi/ros2_ws/src/adi_driver2/install/_local_setup_util_sh.py'
[3.266s] INFO:colcon.colcon_core.shell:Creating prefix chain script '/home/y-takahashi/ros2_ws/src/adi_driver2/install/setup.sh'
[3.267s] INFO:colcon.colcon_core.shell:Creating prefix script '/home/y-takahashi/ros2_ws/src/adi_driver2/install/local_setup.bash'
[3.267s] INFO:colcon.colcon_core.shell:Creating prefix chain script '/home/y-takahashi/ros2_ws/src/adi_driver2/install/setup.bash'
[3.268s] INFO:colcon.colcon_core.shell:Creating prefix script '/home/y-takahashi/ros2_ws/src/adi_driver2/install/local_setup.zsh'
[3.268s] INFO:colcon.colcon_core.shell:Creating prefix chain script '/home/y-takahashi/ros2_ws/src/adi_driver2/install/setup.zsh'
